*INFO 2024-07-11 14:59:33,231 C:\Users\10409079\Desktop\Test\Output\2024-07-11_14.59_FREEZE-15-UN2231.zip Success 
 
*INFO 2024-07-11 14:59:33,456 C:\Users\10409079\Desktop\Test\Output\2024-07-11_14.59_FREEZE-04-UN1988.zip Success 
 
*INFO 2024-07-11 15:00:23,918 C:\Users\10409079\Desktop\Test\Output\2024-07-11_15.00_FREEZE-15-UN2231.zip Success 
 
*INFO 2024-07-11 15:00:24,157 C:\Users\10409079\Desktop\Test\Output\2024-07-11_15.00_FREEZE-04-UN1988.zip Success 
 
*INFO 2024-07-11 15:00:24,195 Secret key for message not found.
 
*INFO 2024-07-11 17:17:23,489 C:\Users\10409079\Desktop\Test\Output\2024-07-11_17.17_FREEZE-15-UN2231.zip Success 
 
*INFO 2024-07-11 17:17:24,135 C:\Users\10409079\Desktop\Test\Output\2024-07-11_17.17_FREEZE-04-UN1988.zip Success 
 
*INFO 2024-07-11 17:17:24,171 Secret key for message not found.
 
*INFO 2024-07-11 17:18:21,322 C:\Users\10409079\Desktop\Test\Output\2024-07-11_17.18_FREEZE-15-UN2231.zip Success 
 
*INFO 2024-07-11 17:18:22,000 C:\Users\10409079\Desktop\Test\Output\2024-07-11_17.18_FREEZE-04-UN1988.zip Success 
 
*INFO 2024-07-11 17:18:22,039 Secret key for message not found.
 
*INFO 2024-07-12 10:26:26,978 Private Key File [C:\Users\10409079\Desktop\Test\krungsrisecurities2.key] not found.
 
*ERROR 2024-07-12 10:26:42,630 Error reading template: Object reference not set to an instance of an object. 
*INFO 2024-07-12 10:31:06,035 C:\Users\10409079\Desktop\Test\Output\2024-07-12_10.31_FREEZE-15-UN2231.zip Success 
 
*INFO 2024-07-12 10:31:06,285 C:\Users\10409079\Desktop\Test\Output\2024-07-12_10.31_FREEZE-04-UN1988.zip Success 
 
*INFO 2024-07-12 10:32:04,095 C:\Users\10409079\Desktop\Test\Output\2024-07-12_10.32_FREEZE-15-UN2231.zip Success 
 
*INFO 2024-07-12 10:32:04,406 C:\Users\10409079\Desktop\Test\Output\2024-07-12_10.32_FREEZE-04-UN1988.zip Success 
 
*INFO 2024-07-12 10:32:04,439 Secret key for message not found.
 
*INFO 2024-07-12 10:32:36,794 C:\Users\10409079\Desktop\Test\Output\2024-07-12_10.32_FREEZE-15-UN2231.zip Success 
 
*INFO 2024-07-12 10:32:36,953 C:\Users\10409079\Desktop\Test\Output\2024-07-12_10.32_FREEZE-04-UN1988.zip Success 
 
*INFO 2024-07-12 10:32:51,813 C:\Users\10409079\Desktop\Test\Output\2024-07-12_10.32_FREEZE-15-UN2231.zip Success 
 
*INFO 2024-07-12 10:32:52,166 C:\Users\10409079\Desktop\Test\Output\2024-07-12_10.32_FREEZE-04-UN1988.zip Success 
 
*INFO 2024-07-12 10:35:09,752 C:\Users\10409079\Desktop\Test\Output\2024-07-12_10.34_FREEZE-15-UN2231.zip Success 
 
*INFO 2024-07-12 10:35:09,757 C:\Users\10409079\Desktop\Test\Output\2024-07-12_10.34_FREEZE-04-UN1988.zip Success 
 
*INFO 2024-07-12 10:36:24,222 C:\Users\10409079\Desktop\Test\Output\2024-07-12_10.36_FREEZE-15-UN2231.zip Success 
 
*INFO 2024-07-12 10:36:24,228 C:\Users\10409079\Desktop\Test\Output\2024-07-12_10.36_FREEZE-04-UN1988.zip Success 
 
*INFO 2024-07-12 10:36:24,266 Secret key for message not found.
 
*INFO 2024-07-12 10:37:55,034 C:\Users\10409079\Desktop\Test\Output\2024-07-12_10.37_FREEZE-15-UN2231.zip Success 
 
*INFO 2024-07-12 10:37:55,065 C:\Users\10409079\Desktop\Test\Output\2024-07-12_10.37_FREEZE-04-UN1988.zip Success 
 
*INFO 2024-07-12 10:52:18,821 C:\Users\10409079\Desktop\Test\Output\2024-07-12_10.52_FREEZE-15-UN2231.zip Success 
 
*INFO 2024-07-12 10:52:18,821 C:\Users\10409079\Desktop\Test\Output\2024-07-12_10.52_FREEZE-04-UN1988.zip Success 
 
*INFO 2024-07-12 10:54:30,555 C:\Users\10409079\Desktop\Test\Output\2024-07-12_10.54_FREEZE-15-UN2231.zip Success 
 
*INFO 2024-07-12 10:54:31,044 C:\Users\10409079\Desktop\Test\Output\2024-07-12_10.54_FREEZE-04-UN1988.zip Success 
 
*INFO 2024-07-12 10:56:04,045 C:\Users\10409079\Desktop\Test\Output\2024-07-12_10.56_FREEZE-15-UN2231.zip Success 
 
*INFO 2024-07-12 10:56:04,336 C:\Users\10409079\Desktop\Test\Output\2024-07-12_10.56_FREEZE-04-UN1988.zip Success 
 
*INFO 2024-07-12 10:56:04,363 Secret key for message not found.
 
*INFO 2024-07-12 10:56:48,602 C:\Users\10409079\Desktop\Test\Output\2024-07-12_10.56_FREEZE-15-UN2231.zip Success 
 
*INFO 2024-07-12 10:56:48,901 C:\Users\10409079\Desktop\Test\Output\2024-07-12_10.56_FREEZE-04-UN1988.zip Success 
 
*INFO 2024-07-12 10:56:48,932 Secret key for message not found.
 
*INFO 2024-07-12 11:00:02,513 C:\Users\10409079\Desktop\Test\Output\2024-07-12_10.59_FREEZE-15-UN2231.zip Success 
 
*INFO 2024-07-12 11:00:04,323 C:\Users\10409079\Desktop\Test\Output\2024-07-12_10.59_FREEZE-04-UN1988.zip Success 
 
*INFO 2024-07-12 11:01:19,359 C:\Users\10409079\Desktop\Test\Output\2024-07-12_11.01_FREEZE-15-UN2231.zip Success 
 
*INFO 2024-07-12 11:01:19,364 C:\Users\10409079\Desktop\Test\Output\2024-07-12_11.01_FREEZE-04-UN1988.zip Success 
 
*INFO 2024-07-12 11:01:19,399 Secret key for message not found.
 
*INFO 2024-07-12 11:01:58,886 C:\Users\10409079\Desktop\Test\Output\2024-07-12_11.01_FREEZE-15-UN2231.zip Success 
 
*INFO 2024-07-12 11:01:59,137 C:\Users\10409079\Desktop\Test\Output\2024-07-12_11.01_FREEZE-04-UN1988.zip Success 
 
*INFO 2024-07-12 11:01:59,179 Secret key for message not found.
 
*INFO 2024-07-12 11:02:25,209 C:\Users\10409079\Desktop\Test\Output\2024-07-12_11.02_FREEZE-15-UN2231.zip Success 
 
*INFO 2024-07-12 11:02:25,537 C:\Users\10409079\Desktop\Test\Output\2024-07-12_11.02_FREEZE-04-UN1988.zip Success 
 
*INFO 2024-07-12 11:02:25,586 Secret key for message not found.
 
*INFO 2024-07-12 11:04:18,310 C:\Users\10409079\Desktop\Test\Output\2024-07-12_11.04_FREEZE-15-UN2231.zip Success 
 
*INFO 2024-07-12 11:04:18,607 C:\Users\10409079\Desktop\Test\Output\2024-07-12_11.04_FREEZE-04-UN1988.zip Success 
 
*INFO 2024-07-12 11:04:18,649 Secret key for message not found.
 
*INFO 2024-07-12 11:05:30,038 C:\Users\10409079\Desktop\Test\Output\2024-07-12_11.05_FREEZE-15-UN2231.zip Success 
 
*INFO 2024-07-12 11:05:30,159 C:\Users\10409079\Desktop\Test\Output\2024-07-12_11.05_FREEZE-04-UN1988.zip Success 
 
*INFO 2024-07-12 11:06:47,858 C:\Users\10409079\Desktop\Test\Output\2024-07-12_11.06_FREEZE-15-UN2231.zip Success 
 
*INFO 2024-07-12 11:06:47,865 C:\Users\10409079\Desktop\Test\Output\2024-07-12_11.06_FREEZE-04-UN1988.zip Success 
 
*INFO 2024-07-12 11:13:42,873 C:\Users\10409079\Desktop\Test\Output\2024-07-12_11.13_FREEZE-15-UN1718.zip Success 
 
*INFO 2024-07-12 11:13:42,874 C:\Users\10409079\Desktop\Test\Output\2024-07-12_11.13_FREEZE-04-UN1988.zip Success 
 
*INFO 2024-07-12 11:13:42,874 C:\Users\10409079\Desktop\Test\Output\2024-07-12_11.13_thailandlist.zip Success 
 
*INFO 2024-07-12 11:13:42,889 C:\Users\10409079\Desktop\Test\Output\2024-07-12_11.13_FREEZE-15-UN2231.zip Success 
 
*INFO 2024-07-12 11:13:42,892 C:\Users\10409079\Desktop\Test\Output\2024-07-12_11.13_hr08.zip Success 
 
*INFO 2024-07-12 11:13:42,915 C:\Users\10409079\Desktop\Test\Output\2024-07-12_11.13_FREEZE-04-UN1267.zip Success 
 
*INFO 2024-07-12 11:13:43,002 C:\Users\10409079\Desktop\Test\Output\2024-07-12_11.13_hr02.zip Success 
 
*INFO 2024-07-12 11:14:14,430 C:\Users\10409079\Desktop\Test\Output\2024-07-12_11.14_FREEZE-15-UN1718.zip Success 
 
*INFO 2024-07-12 11:14:14,430 C:\Users\10409079\Desktop\Test\Output\2024-07-12_11.14_thailandlist.zip Success 
 
*INFO 2024-07-12 11:14:14,740 C:\Users\10409079\Desktop\Test\Output\2024-07-12_11.14_hr08.zip Success 
 
*INFO 2024-07-12 11:14:14,838 C:\Users\10409079\Desktop\Test\Output\2024-07-12_11.14_hr02.zip Success 
 
*INFO 2024-07-12 11:14:14,843 C:\Users\10409079\Desktop\Test\Output\2024-07-12_11.14_FREEZE-15-UN2231.zip Success 
 
*INFO 2024-07-12 11:14:15,056 C:\Users\10409079\Desktop\Test\Output\2024-07-12_11.14_FREEZE-04-UN1267.zip Success 
 
*INFO 2024-07-12 11:14:15,265 C:\Users\10409079\Desktop\Test\Output\2024-07-12_11.14_FREEZE-04-UN1988.zip Success 
 
*INFO 2024-07-12 11:18:52,193 C:\Users\10409079\Desktop\Test\Output\2024-07-12_11.18_FREEZE-15-UN1718.zip Success 
 
*INFO 2024-07-12 11:18:52,215 C:\Users\10409079\Desktop\Test\Output\2024-07-12_11.18_hr08.zip Success 
 
*INFO 2024-07-12 11:18:52,309 C:\Users\10409079\Desktop\Test\Output\2024-07-12_11.18_thailandlist.zip Success 
 
*INFO 2024-07-12 11:18:52,322 C:\Users\10409079\Desktop\Test\Output\2024-07-12_11.18_hr02.zip Success 
 
*INFO 2024-07-12 11:18:52,433 C:\Users\10409079\Desktop\Test\Output\2024-07-12_11.18_FREEZE-15-UN2231.zip Success 
 
*INFO 2024-07-12 11:18:52,644 C:\Users\10409079\Desktop\Test\Output\2024-07-12_11.18_FREEZE-04-UN1267.zip Success 
 
*INFO 2024-07-12 11:18:52,771 C:\Users\10409079\Desktop\Test\Output\2024-07-12_11.18_FREEZE-04-UN1988.zip Success 
 
*INFO 2024-07-12 11:18:54,489 C:\Users\10409079\Desktop\Test\Output\2024-07-12_11.18_FREEZE-15-UN1718.zip Success 
 
*INFO 2024-07-12 11:18:54,900 C:\Users\10409079\Desktop\Test\Output\2024-07-12_11.18_thailandlist.zip Success 
 
*INFO 2024-07-12 11:18:55,401 C:\Users\10409079\Desktop\Test\Output\2024-07-12_11.18_hr08.zip Success 
 
*INFO 2024-07-12 11:18:55,417 C:\Users\10409079\Desktop\Test\Output\2024-07-12_11.18_hr02.zip Success 
 
*INFO 2024-07-12 11:18:55,543 C:\Users\10409079\Desktop\Test\Output\2024-07-12_11.18_FREEZE-15-UN2231.zip Success 
 
*INFO 2024-07-12 11:18:55,759 C:\Users\10409079\Desktop\Test\Output\2024-07-12_11.18_FREEZE-04-UN1267.zip Success 
 
*INFO 2024-07-12 11:18:55,899 C:\Users\10409079\Desktop\Test\Output\2024-07-12_11.18_FREEZE-04-UN1988.zip Success 
 
*INFO 2024-07-12 12:22:25,266 C:\Users\10409079\Desktop\Test\Output\2024-07-12_12.22_thailandlist.zip Success 
 
*INFO 2024-07-12 12:22:25,380 C:\Users\10409079\Desktop\Test\Output\2024-07-12_12.22_hr02.zip Success 
 
*INFO 2024-07-12 12:22:25,386 C:\Users\10409079\Desktop\Test\Output\2024-07-12_12.22_FREEZE-04-UN1267.zip Success 
 
*INFO 2024-07-12 12:22:25,520 C:\Users\10409079\Desktop\Test\Output\2024-07-12_12.22_FREEZE-15-UN2231.zip Success 
 
*INFO 2024-07-12 12:22:25,667 C:\Users\10409079\Desktop\Test\Output\2024-07-12_12.22_FREEZE-15-UN1718.zip Success 
 
*INFO 2024-07-12 12:22:25,918 C:\Users\10409079\Desktop\Test\Output\2024-07-12_12.22_hr08.zip Success 
 
*INFO 2024-07-12 12:22:34,512 C:\Users\10409079\Desktop\Test\Output\2024-07-12_12.22_FREEZE-15-UN1718.zip Success 
 
*INFO 2024-07-12 12:22:34,518 C:\Users\10409079\Desktop\Test\Output\2024-07-12_12.22_thailandlist.zip Success 
 
*INFO 2024-07-12 12:22:34,839 C:\Users\10409079\Desktop\Test\Output\2024-07-12_12.22_hr08.zip Success 
 
*INFO 2024-07-12 12:22:34,924 C:\Users\10409079\Desktop\Test\Output\2024-07-12_12.22_hr02.zip Success 
 
*INFO 2024-07-12 12:22:34,959 C:\Users\10409079\Desktop\Test\Output\2024-07-12_12.22_FREEZE-15-UN2231.zip Success 
 
*INFO 2024-07-12 12:22:35,182 C:\Users\10409079\Desktop\Test\Output\2024-07-12_12.22_FREEZE-04-UN1267.zip Success 
 
*INFO 2024-07-12 12:22:35,317 C:\Users\10409079\Desktop\Test\Output\2024-07-12_12.22_FREEZE-04-UN1988.zip Success 
 
*INFO 2024-07-12 12:22:57,595 C:\Users\10409079\Desktop\Test\Output\2024-07-12_12.22_FREEZE-15-UN2231.zip Success 
 
*INFO 2024-07-12 12:22:57,620 C:\Users\10409079\Desktop\Test\Output\2024-07-12_12.22_thailandlist.zip Success 
 
*INFO 2024-07-12 12:22:57,624 C:\Users\10409079\Desktop\Test\Output\2024-07-12_12.22_hr08.zip Success 
 
*INFO 2024-07-12 12:22:57,961 C:\Users\10409079\Desktop\Test\Output\2024-07-12_12.22_hr02.zip Success 
 
*INFO 2024-07-12 12:22:58,206 C:\Users\10409079\Desktop\Test\Output\2024-07-12_12.22_FREEZE-15-UN1718.zip Success 
 
*INFO 2024-07-12 12:22:58,424 C:\Users\10409079\Desktop\Test\Output\2024-07-12_12.22_FREEZE-04-UN1267.zip Success 
 
*INFO 2024-07-12 12:22:58,542 C:\Users\10409079\Desktop\Test\Output\2024-07-12_12.22_FREEZE-04-UN1988.zip Success 
 
*INFO 2024-07-12 12:23:00,310 C:\Users\10409079\Desktop\Test\Output\2024-07-12_12.23_FREEZE-15-UN1718.zip Success 
 
*INFO 2024-07-12 12:23:00,489 C:\Users\10409079\Desktop\Test\Output\2024-07-12_12.23_thailandlist.zip Success 
 
*INFO 2024-07-12 12:23:00,644 C:\Users\10409079\Desktop\Test\Output\2024-07-12_12.23_hr08.zip Success 
 
*INFO 2024-07-12 12:23:00,756 C:\Users\10409079\Desktop\Test\Output\2024-07-12_12.23_FREEZE-15-UN2231.zip Success 
 
*INFO 2024-07-12 12:23:00,962 C:\Users\10409079\Desktop\Test\Output\2024-07-12_12.23_FREEZE-04-UN1267.zip Success 
 
*INFO 2024-07-12 12:23:01,112 C:\Users\10409079\Desktop\Test\Output\2024-07-12_12.23_FREEZE-04-UN1988.zip Success 
 
*INFO 2024-07-12 12:23:01,456 C:\Users\10409079\Desktop\Test\Output\2024-07-12_12.23_hr02.zip Success 
 
*INFO 2024-07-12 12:23:03,100 Email has been sent success 
*INFO 2024-07-12 12:27:10,902 Email has been sent success 
